D:\PROJECTS\LONELYISLAND\LONELYISLAND\DEBUG\BIRD.OBJ
D:\PROJECTS\LONELYISLAND\LONELYISLAND\DEBUG\BMPLOAD.OBJ
D:\PROJECTS\LONELYISLAND\LONELYISLAND\DEBUG\CAMERA.OBJ
D:\PROJECTS\LONELYISLAND\LONELYISLAND\DEBUG\CLOUD.OBJ
D:\PROJECTS\LONELYISLAND\LONELYISLAND\DEBUG\HERO.OBJ
D:\PROJECTS\LONELYISLAND\LONELYISLAND\DEBUG\MAIN.OBJ
D:\PROJECTS\LONELYISLAND\LONELYISLAND\DEBUG\PLATFORMS.OBJ
D:\PROJECTS\LONELYISLAND\LONELYISLAND\DEBUG\SHADER.OBJ
D:\PROJECTS\LONELYISLAND\LONELYISLAND\DEBUG\SNOW.OBJ
D:\PROJECTS\LONELYISLAND\LONELYISLAND\DEBUG\SPRITE.OBJ
D:\PROJECTS\LONELYISLAND\LONELYISLAND\DEBUG\TERRAIN.OBJ
D:\PROJECTS\LONELYISLAND\LONELYISLAND\DEBUG\TEXTURES.OBJ
D:\PROJECTS\LONELYISLAND\LONELYISLAND\DEBUG\VC110.PDB
D:\PROJECTS\LONELYISLAND\DEBUG\LONELYISLAND.ILK
D:\PROJECTS\LONELYISLAND\DEBUG\LONELYISLAND.EXE
D:\PROJECTS\LONELYISLAND\DEBUG\LONELYISLAND.PDB
D:\Projects\LonelyIsland\LonelyIsland\Debug\Bird.obj
D:\Projects\LonelyIsland\LonelyIsland\Debug\BmpLoad.obj
D:\Projects\LonelyIsland\LonelyIsland\Debug\Camera.obj
D:\Projects\LonelyIsland\LonelyIsland\Debug\Cloud.obj
D:\Projects\LonelyIsland\LonelyIsland\Debug\Hero.obj
D:\Projects\LonelyIsland\LonelyIsland\Debug\main.obj
D:\Projects\LonelyIsland\LonelyIsland\Debug\Platforms.obj
D:\Projects\LonelyIsland\LonelyIsland\Debug\Shader.obj
D:\Projects\LonelyIsland\LonelyIsland\Debug\Snow.obj
D:\Projects\LonelyIsland\LonelyIsland\Debug\Sprite.obj
D:\Projects\LonelyIsland\LonelyIsland\Debug\Terrain.obj
D:\Projects\LonelyIsland\LonelyIsland\Debug\Textures.obj
D:\Projects\LonelyIsland\LonelyIsland\Debug\cl.command.1.tlog
D:\Projects\LonelyIsland\LonelyIsland\Debug\CL.read.1.tlog
D:\Projects\LonelyIsland\LonelyIsland\Debug\CL.write.1.tlog
D:\Projects\LonelyIsland\LonelyIsland\Debug\link-cvtres.read.1.tlog
D:\Projects\LonelyIsland\LonelyIsland\Debug\link-cvtres.write.1.tlog
D:\Projects\LonelyIsland\LonelyIsland\Debug\link-rc.read.1.tlog
D:\Projects\LonelyIsland\LonelyIsland\Debug\link-rc.write.1.tlog
D:\Projects\LonelyIsland\LonelyIsland\Debug\link.command.1.tlog
D:\Projects\LonelyIsland\LonelyIsland\Debug\link.read.1.tlog
D:\Projects\LonelyIsland\LonelyIsland\Debug\link.write.1.tlog
D:\Projects\LonelyIsland\LonelyIsland\Debug\vc110.idb
D:\Projects\LonelyIsland\LonelyIsland\Debug\vc110.pdb
D:\Projects\LonelyIsland\Debug\LonelyIsland.pdb
D:\Projects\LonelyIsland\Debug\LonelyIsland.exe
D:\Projects\LonelyIsland\Debug\LonelyIsland.ilk
