Build started 05.01.2013 22:56:27.
     1>Project "D:\Projects\LonelyIsland\src + bin (whole project)\LonelyIsland\LonelyIsland.vcxproj" on node 2 (Build target(s)).
     1>ClCompile:
         C:\Program Files (x86)\Microsoft Visual Studio 11.0\VC\bin\CL.exe /c /Zi /nologo /W3 /WX- /O2 /Oi /Oy- /GL /D WIN32 /D NDEBUG /D _CONSOLE /D _UNICODE /D UNICODE /Gm- /EHsc /MD /GS /Gy /fp:precise /Zc:wchar_t /Zc:forScope /Fo"Release\\" /Fd"Release\vc110.pdb" /Gd /TP /analyze- /errorReport:prompt main.cpp
         main.cpp
     1>main.cpp(43): warning C4305: 'initializing' : truncation from 'double' to 'float'
     1>main.cpp(72): warning C4018: '<' : signed/unsigned mismatch
     1>main.cpp(200): warning C4244: 'initializing' : conversion from 'GLfloat' to 'int', possible loss of data
     1>main.cpp(276): warning C4305: 'argument' : truncation from 'double' to 'GLfloat'
     1>main.cpp(277): warning C4305: 'argument' : truncation from 'double' to 'GLfloat'
     1>main.cpp(278): warning C4305: 'argument' : truncation from 'double' to 'GLfloat'
     1>main.cpp(279): warning C4305: 'argument' : truncation from 'double' to 'GLfloat'
     1>main.cpp(331): warning C4244: 'argument' : conversion from 'int' to 'GLfloat', possible loss of data
     1>main.cpp(332): warning C4244: 'argument' : conversion from 'int' to 'GLfloat', possible loss of data
     1>main.cpp(388): warning C4244: 'argument' : conversion from 'int' to 'GLfloat', possible loss of data
     1>main.cpp(389): warning C4244: 'argument' : conversion from 'int' to 'GLfloat', possible loss of data
     1>main.cpp(455): warning C4244: 'argument' : conversion from 'int' to 'float', possible loss of data
     1>main.cpp(539): warning C4244: '+=' : conversion from 'double' to 'float', possible loss of data
     1>main.cpp(542): warning C4244: '-=' : conversion from 'double' to 'float', possible loss of data
       Link:
         C:\Program Files (x86)\Microsoft Visual Studio 11.0\VC\bin\link.exe /ERRORREPORT:PROMPT /OUT:"D:\Projects\LonelyIsland\src + bin (whole project)\Release\LonelyIsland.exe" /INCREMENTAL:NO /NOLOGO glew32.lib kernel32.lib user32.lib gdi32.lib winspool.lib comdlg32.lib advapi32.lib shell32.lib ole32.lib oleaut32.lib uuid.lib odbc32.lib odbccp32.lib kernel32.lib user32.lib gdi32.lib winspool.lib comdlg32.lib advapi32.lib shell32.lib ole32.lib oleaut32.lib uuid.lib odbc32.lib odbccp32.lib /MANIFEST /MANIFESTUAC:"level='asInvoker' uiAccess='false'" /manifest:embed /DEBUG /PDB:"D:\Projects\LonelyIsland\src + bin (whole project)\Release\LonelyIsland.pdb" /SUBSYSTEM:CONSOLE /OPT:REF /OPT:ICF /LTCG /TLBID:1 /DYNAMICBASE /NXCOMPAT /IMPLIB:"D:\Projects\LonelyIsland\src + bin (whole project)\Release\LonelyIsland.lib" /MACHINE:X86 /SAFESEH Release\Bird.obj
         Release\BmpLoad.obj
         Release\Camera.obj
         Release\Cloud.obj
         Release\Hero.obj
         Release\main.obj
         Release\Platforms.obj
         Release\Shader.obj
         Release\Snow.obj
         Release\Sprite.obj
         Release\Terrain.obj
         Release\Textures.obj
         Generating code
         Finished generating code
         LonelyIsland.vcxproj -> D:\Projects\LonelyIsland\src + bin (whole project)\Release\LonelyIsland.exe
     1>Done Building Project "D:\Projects\LonelyIsland\src + bin (whole project)\LonelyIsland\LonelyIsland.vcxproj" (Build target(s)).

Build succeeded.

Time Elapsed 00:00:04.64
