C:\USERS\Александр\DOCUMENTS\VISUAL STUDIO 2012\PROJECTS\LONELYISLAND\LONELYISLAND\RELEASE\TEXTURES.OBJ
C:\USERS\Александр\DOCUMENTS\VISUAL STUDIO 2012\PROJECTS\LONELYISLAND\LONELYISLAND\RELEASE\TERRAIN.OBJ
C:\USERS\Александр\DOCUMENTS\VISUAL STUDIO 2012\PROJECTS\LONELYISLAND\LONELYISLAND\RELEASE\SPRITE.OBJ
C:\USERS\Александр\DOCUMENTS\VISUAL STUDIO 2012\PROJECTS\LONELYISLAND\LONELYISLAND\RELEASE\SNOW.OBJ
C:\USERS\Александр\DOCUMENTS\VISUAL STUDIO 2012\PROJECTS\LONELYISLAND\LONELYISLAND\RELEASE\SHADER.OBJ
C:\USERS\Александр\DOCUMENTS\VISUAL STUDIO 2012\PROJECTS\LONELYISLAND\LONELYISLAND\RELEASE\PLATFORMS.OBJ
C:\USERS\Александр\DOCUMENTS\VISUAL STUDIO 2012\PROJECTS\LONELYISLAND\LONELYISLAND\RELEASE\MAIN.OBJ
C:\USERS\Александр\DOCUMENTS\VISUAL STUDIO 2012\PROJECTS\LONELYISLAND\LONELYISLAND\RELEASE\HERO.OBJ
C:\USERS\Александр\DOCUMENTS\VISUAL STUDIO 2012\PROJECTS\LONELYISLAND\LONELYISLAND\RELEASE\CLOUD.OBJ
C:\USERS\Александр\DOCUMENTS\VISUAL STUDIO 2012\PROJECTS\LONELYISLAND\LONELYISLAND\RELEASE\CAMERA.OBJ
C:\USERS\Александр\DOCUMENTS\VISUAL STUDIO 2012\PROJECTS\LONELYISLAND\LONELYISLAND\RELEASE\BMPLOAD.OBJ
C:\USERS\Александр\DOCUMENTS\VISUAL STUDIO 2012\PROJECTS\LONELYISLAND\LONELYISLAND\RELEASE\BIRD.OBJ
C:\USERS\АЛЕКСАНДР\DOCUMENTS\VISUAL STUDIO 2012\PROJECTS\LONELYISLAND\LONELYISLAND\RELEASE\VC110.PDB
C:\USERS\Александр\DOCUMENTS\VISUAL STUDIO 2012\PROJECTS\LONELYISLAND\RELEASE\LONELYISLAND.EXE
C:\USERS\АЛЕКСАНДР\DOCUMENTS\VISUAL STUDIO 2012\PROJECTS\LONELYISLAND\RELEASE\LONELYISLAND.PDB
D:\Projects\LonelyIsland\LonelyIsland\Release\Bird.obj
D:\Projects\LonelyIsland\LonelyIsland\Release\BmpLoad.obj
D:\Projects\LonelyIsland\LonelyIsland\Release\Camera.obj
D:\Projects\LonelyIsland\LonelyIsland\Release\Cloud.obj
D:\Projects\LonelyIsland\LonelyIsland\Release\Hero.obj
D:\Projects\LonelyIsland\LonelyIsland\Release\main.obj
D:\Projects\LonelyIsland\LonelyIsland\Release\Platforms.obj
D:\Projects\LonelyIsland\LonelyIsland\Release\Shader.obj
D:\Projects\LonelyIsland\LonelyIsland\Release\Snow.obj
D:\Projects\LonelyIsland\LonelyIsland\Release\Sprite.obj
D:\Projects\LonelyIsland\LonelyIsland\Release\Terrain.obj
D:\Projects\LonelyIsland\LonelyIsland\Release\Textures.obj
D:\Projects\LonelyIsland\LonelyIsland\Release\cl.command.1.tlog
D:\Projects\LonelyIsland\LonelyIsland\Release\CL.read.1.tlog
D:\Projects\LonelyIsland\LonelyIsland\Release\CL.write.1.tlog
D:\Projects\LonelyIsland\LonelyIsland\Release\link-cvtres.read.1.tlog
D:\Projects\LonelyIsland\LonelyIsland\Release\link-cvtres.write.1.tlog
D:\Projects\LonelyIsland\LonelyIsland\Release\link-rc.read.1.tlog
D:\Projects\LonelyIsland\LonelyIsland\Release\link-rc.write.1.tlog
D:\Projects\LonelyIsland\LonelyIsland\Release\link.command.1.tlog
D:\Projects\LonelyIsland\LonelyIsland\Release\link.read.1.tlog
D:\Projects\LonelyIsland\LonelyIsland\Release\link.write.1.tlog
D:\Projects\LonelyIsland\LonelyIsland\Release\vc110.pdb
D:\Projects\LonelyIsland\Release\LonelyIsland.pdb
D:\Projects\LonelyIsland\Release\LonelyIsland.exe
